<?xml version="1.0" encoding="UTF-8"?>
<testng-results ignored="0" total="1" passed="1" failed="0" skipped="0">
  <reporter-output>
  </reporter-output>
  <suite started-at="2024-08-29T14:14:09 IST" name="Default suite" finished-at="2024-08-29T14:14:12 IST" duration-ms="2976">
    <groups>
    </groups>
    <test started-at="2024-08-29T14:14:09 IST" name="Default test" finished-at="2024-08-29T14:14:12 IST" duration-ms="2976">
      <class name="test.Logintest">
        <test-method is-config="true" signature="bc()[pri:0, instance:test.Logintest@f78a47e]" started-at="2024-08-29T14:14:09 IST" name="bc" finished-at="2024-08-29T14:14:11 IST" duration-ms="1969" status="PASS">
          <reporter-output>
          </reporter-output>
        </test-method> <!-- bc -->
        <test-method signature="test1()[pri:0, instance:test.Logintest@f78a47e]" started-at="2024-08-29T14:14:11 IST" name="test1" finished-at="2024-08-29T14:14:12 IST" duration-ms="835" status="PASS">
          <reporter-output>
          </reporter-output>
        </test-method> <!-- test1 -->
        <test-method is-config="true" signature="at()[pri:0, instance:test.Logintest@f78a47e]" started-at="2024-08-29T14:14:12 IST" name="at" finished-at="2024-08-29T14:14:12 IST" duration-ms="137" status="PASS">
          <reporter-output>
          </reporter-output>
        </test-method> <!-- at -->
      </class> <!-- test.Logintest -->
    </test> <!-- Default test -->
  </suite> <!-- Default suite -->
</testng-results>
